<?xml version="1.0" encoding="UTF-8"?>
<!-- Generated by org.testng.reporters.JUnitReportReporter -->
<testsuite hostname="MIN50320-LAPTOP" failures="0" tests="1" name="com.testClasses.BasicAuth" time="0.724" errors="0" timestamp="07 Sep 2021 09:02:14 GMT" skipped="0">
  <testcase classname="com.testClasses.BasicAuth" name="basicAuth" time="0.724"/>
</testsuite> <!-- com.testClasses.BasicAuth -->
