<?xml version="1.0" encoding="UTF-8"?>
<!-- Generated by org.testng.reporters.JUnitReportReporter -->
<testsuite hostname="MIN50056-PC" failures="0" tests="1" name="com.testClasses.MultipleWindow" time="13.046" errors="0" timestamp="09 Oct 2021 14:12:14 GMT" skipped="0">
  <testcase classname="com.testClasses.MultipleWindow" name="VerifyforgotPassword" time="13.046"/>
</testsuite> <!-- com.testClasses.MultipleWindow -->
